code/Android/V2rayNG_old/app/build/intermediates/manifest_merge_blame_file/fdroidDebug/processFdroidDebugMainManifest/manifest-merger-blame-fdroid-debug-report.txt
1<?xml version="1.0" encoding="utf-8"?>
2<manifest xmlns:android="http://schemas.android.com/apk/res/android"
3    package="com.v2ray.ang.fdroid"
4    android:versionCode="5071700"
5    android:versionName="2.0.17" >
6
7    <uses-sdk
7-->INJECTED
8        android:minSdkVersion="24"
8-->INJECTED
9        android:targetSdkVersion="36" />
9-->INJECTED
10
11    <supports-screens
11-->src/main/AndroidManifest.xml:6:5-11:40
12        android:anyDensity="true"
12-->src/main/AndroidManifest.xml:7:9-34
13        android:largeScreens="true"
13-->src/main/AndroidManifest.xml:8:9-36
14        android:normalScreens="true"
14-->src/main/AndroidManifest.xml:9:9-37
15        android:smallScreens="true"
15-->src/main/AndroidManifest.xml:10:9-36
16        android:xlargeScreens="true" />
16-->src/main/AndroidManifest.xml:11:9-37
17
18    <uses-feature
18-->src/main/AndroidManifest.xml:13:5-15:36
19        android:name="android.hardware.camera"
19-->src/main/AndroidManifest.xml:14:9-47
20        android:required="false" />
20-->src/main/AndroidManifest.xml:15:9-33
21    <uses-feature
21-->src/main/AndroidManifest.xml:16:5-18:36
22        android:name="android.hardware.camera.autofocus"
22-->src/main/AndroidManifest.xml:17:9-57
23        android:required="false" />
23-->src/main/AndroidManifest.xml:18:9-33
24    <uses-feature
24-->src/main/AndroidManifest.xml:19:5-21:36
25        android:name="android.software.leanback"
25-->src/main/AndroidManifest.xml:20:9-49
26        android:required="false" />
26-->src/main/AndroidManifest.xml:21:9-33
27    <uses-feature
27-->src/main/AndroidManifest.xml:22:5-24:36
28        android:name="android.hardware.touchscreen"
28-->src/main/AndroidManifest.xml:23:9-52
29        android:required="false" />
29-->src/main/AndroidManifest.xml:24:9-33
30
31    <!-- https://developer.android.com/about/versions/11/privacy/package-visibility -->
32    <uses-permission android:name="android.permission.QUERY_ALL_PACKAGES" />
32-->src/main/AndroidManifest.xml:27:5-29:77
32-->src/main/AndroidManifest.xml:28:9-61
33    <uses-permission android:name="android.permission.ACCESS_NETWORK_STATE" />
33-->src/main/AndroidManifest.xml:30:5-79
33-->src/main/AndroidManifest.xml:30:22-76
34    <uses-permission android:name="android.permission.CHANGE_NETWORK_STATE" />
34-->src/main/AndroidManifest.xml:31:5-79
34-->src/main/AndroidManifest.xml:31:22-76
35    <uses-permission android:name="android.permission.INTERNET" />
35-->src/main/AndroidManifest.xml:32:5-67
35-->src/main/AndroidManifest.xml:32:22-64
36    <uses-permission android:name="android.permission.READ_EXTERNAL_STORAGE" />
36-->src/main/AndroidManifest.xml:33:5-80
36-->src/main/AndroidManifest.xml:33:22-77
37    <uses-permission android:name="android.permission.CAMERA" />
37-->src/main/AndroidManifest.xml:34:5-65
37-->src/main/AndroidManifest.xml:34:22-62
38    <uses-permission android:name="android.permission.FOREGROUND_SERVICE" />
38-->src/main/AndroidManifest.xml:35:5-77
38-->src/main/AndroidManifest.xml:35:22-74
39    <uses-permission
39-->src/main/AndroidManifest.xml:36:5-38:38
40        android:name="android.permission.FOREGROUND_SERVICE_SPECIAL_USE"
40-->src/main/AndroidManifest.xml:37:9-73
41        android:minSdkVersion="34" />
41-->src/main/AndroidManifest.xml:38:9-35
42    <!-- <uses-permission android:name="android.permission.ACCESS_NETWORK_STATE" /> -->
43    <uses-permission android:name="android.permission.POST_NOTIFICATIONS" />
43-->src/main/AndroidManifest.xml:40:5-77
43-->src/main/AndroidManifest.xml:40:22-74
44    <uses-permission android:name="android.permission.READ_MEDIA_IMAGES" />
44-->src/main/AndroidManifest.xml:41:5-76
44-->src/main/AndroidManifest.xml:41:22-73
45    <uses-permission android:name="android.permission.RECEIVE_BOOT_COMPLETED" />
45-->src/main/AndroidManifest.xml:42:5-81
45-->src/main/AndroidManifest.xml:42:22-78
46    <uses-permission android:name="android.permission.WAKE_LOCK" />
46-->[androidx.work:work-runtime:2.11.1] AndroidManifest.xml:23:5-68
46-->[androidx.work:work-runtime:2.11.1] AndroidManifest.xml:23:22-65
47
48    <permission
48-->[androidx.core:core:1.17.0] AndroidManifest.xml:22:5-24:47
49        android:name="com.v2ray.ang.fdroid.DYNAMIC_RECEIVER_NOT_EXPORTED_PERMISSION"
49-->[androidx.core:core:1.17.0] AndroidManifest.xml:23:9-81
50        android:protectionLevel="signature" />
50-->[androidx.core:core:1.17.0] AndroidManifest.xml:24:9-44
51
52    <uses-permission android:name="com.v2ray.ang.fdroid.DYNAMIC_RECEIVER_NOT_EXPORTED_PERMISSION" />
52-->[androidx.core:core:1.17.0] AndroidManifest.xml:26:5-97
52-->[androidx.core:core:1.17.0] AndroidManifest.xml:26:22-94
53
54    <uses-feature
54-->[com.journeyapps:zxing-android-embedded:4.3.0] AndroidManifest.xml:28:5-30:36
55        android:name="android.hardware.camera.front"
55-->[com.journeyapps:zxing-android-embedded:4.3.0] AndroidManifest.xml:29:9-53
56        android:required="false" />
56-->[com.journeyapps:zxing-android-embedded:4.3.0] AndroidManifest.xml:30:9-33
57    <uses-feature
57-->[com.journeyapps:zxing-android-embedded:4.3.0] AndroidManifest.xml:36:5-38:36
58        android:name="android.hardware.camera.flash"
58-->[com.journeyapps:zxing-android-embedded:4.3.0] AndroidManifest.xml:37:9-53
59        android:required="false" />
59-->[com.journeyapps:zxing-android-embedded:4.3.0] AndroidManifest.xml:38:9-33
60    <uses-feature
60-->[com.journeyapps:zxing-android-embedded:4.3.0] AndroidManifest.xml:39:5-41:36
61        android:name="android.hardware.screen.landscape"
61-->[com.journeyapps:zxing-android-embedded:4.3.0] AndroidManifest.xml:40:9-57
62        android:required="false" />
62-->[com.journeyapps:zxing-android-embedded:4.3.0] AndroidManifest.xml:41:9-33
63    <uses-feature
63-->[com.journeyapps:zxing-android-embedded:4.3.0] AndroidManifest.xml:42:5-44:36
64        android:name="android.hardware.wifi"
64-->[com.journeyapps:zxing-android-embedded:4.3.0] AndroidManifest.xml:43:9-45
65        android:required="false" />
65-->[com.journeyapps:zxing-android-embedded:4.3.0] AndroidManifest.xml:44:9-33
66
67    <application
67-->src/main/AndroidManifest.xml:44:5-290:19
68        android:name="com.v2ray.ang.AngApplication"
68-->src/main/AndroidManifest.xml:45:9-39
69        android:allowBackup="true"
69-->src/main/AndroidManifest.xml:46:9-35
70        android:appComponentFactory="androidx.core.app.CoreComponentFactory"
70-->[androidx.core:core:1.17.0] AndroidManifest.xml:28:18-86
71        android:banner="@mipmap/ic_banner"
71-->src/main/AndroidManifest.xml:47:9-43
72        android:debuggable="true"
73        android:extractNativeLibs="true"
73-->INJECTED
74        android:icon="@mipmap/ic_launcher"
74-->src/main/AndroidManifest.xml:48:9-43
75        android:label="@string/app_name"
75-->src/main/AndroidManifest.xml:49:9-41
76        android:networkSecurityConfig="@xml/network_security_config"
76-->src/main/AndroidManifest.xml:50:9-69
77        android:supportsRtl="true"
77-->src/main/AndroidManifest.xml:51:9-35
78        android:theme="@style/AppThemeDayNight.NoActionBar"
78-->src/main/AndroidManifest.xml:52:9-60
79        android:usesCleartextTraffic="true" >
79-->src/main/AndroidManifest.xml:53:9-44
80        <activity
80-->src/main/AndroidManifest.xml:55:9-72:20
81            android:name="com.v2ray.ang.ui.MainActivity"
81-->src/main/AndroidManifest.xml:56:13-44
82            android:exported="true"
82-->src/main/AndroidManifest.xml:57:13-36
83            android:launchMode="singleTask" >
83-->src/main/AndroidManifest.xml:58:13-44
84            <intent-filter>
84-->src/main/AndroidManifest.xml:59:13-64:29
85                <action android:name="android.intent.action.MAIN" />
85-->src/main/AndroidManifest.xml:60:17-69
85-->src/main/AndroidManifest.xml:60:25-66
86
87                <category android:name="android.intent.category.LAUNCHER" />
87-->src/main/AndroidManifest.xml:62:17-77
87-->src/main/AndroidManifest.xml:62:27-74
88                <category android:name="android.intent.category.LEANBACK_LAUNCHER" />
88-->src/main/AndroidManifest.xml:63:17-86
88-->src/main/AndroidManifest.xml:63:27-83
89            </intent-filter>
90            <intent-filter>
90-->src/main/AndroidManifest.xml:65:13-67:29
91                <action android:name="android.service.quicksettings.action.QS_TILE_PREFERENCES" />
91-->src/main/AndroidManifest.xml:66:17-99
91-->src/main/AndroidManifest.xml:66:25-96
92            </intent-filter>
93
94            <meta-data
94-->src/main/AndroidManifest.xml:69:13-71:53
95                android:name="android.app.shortcuts"
95-->src/main/AndroidManifest.xml:70:17-53
96                android:resource="@xml/shortcuts" />
96-->src/main/AndroidManifest.xml:71:17-50
97        </activity>
98        <activity
98-->src/main/AndroidManifest.xml:73:9-76:60
99            android:name="com.v2ray.ang.ui.ServerActivity"
99-->src/main/AndroidManifest.xml:74:13-46
100            android:exported="false"
100-->src/main/AndroidManifest.xml:75:13-37
101            android:windowSoftInputMode="stateUnchanged" />
101-->src/main/AndroidManifest.xml:76:13-57
102        <activity
102-->src/main/AndroidManifest.xml:77:9-80:60
103            android:name="com.v2ray.ang.ui.ServerCustomConfigActivity"
103-->src/main/AndroidManifest.xml:78:13-58
104            android:exported="false"
104-->src/main/AndroidManifest.xml:79:13-37
105            android:windowSoftInputMode="stateUnchanged" />
105-->src/main/AndroidManifest.xml:80:13-57
106        <activity
106-->src/main/AndroidManifest.xml:81:9-84:60
107            android:name="com.v2ray.ang.ui.ServerGroupActivity"
107-->src/main/AndroidManifest.xml:82:13-51
108            android:exported="false"
108-->src/main/AndroidManifest.xml:83:13-37
109            android:windowSoftInputMode="stateUnchanged" />
109-->src/main/AndroidManifest.xml:84:13-57
110        <activity
110-->src/main/AndroidManifest.xml:85:9-87:40
111            android:name="com.v2ray.ang.ui.SettingsActivity"
111-->src/main/AndroidManifest.xml:86:13-48
112            android:exported="false" />
112-->src/main/AndroidManifest.xml:87:13-37
113        <activity
113-->src/main/AndroidManifest.xml:88:9-90:40
114            android:name="com.v2ray.ang.ui.PerAppProxyActivity"
114-->src/main/AndroidManifest.xml:89:13-51
115            android:exported="false" />
115-->src/main/AndroidManifest.xml:90:13-37
116        <activity
116-->src/main/AndroidManifest.xml:91:9-93:40
117            android:name="com.v2ray.ang.ui.ScannerActivity"
117-->src/main/AndroidManifest.xml:92:13-47
118            android:exported="false" />
118-->src/main/AndroidManifest.xml:93:13-37
119        <activity
119-->src/main/AndroidManifest.xml:94:9-96:40
120            android:name="com.v2ray.ang.ui.LogcatActivity"
120-->src/main/AndroidManifest.xml:95:13-46
121            android:exported="false" />
121-->src/main/AndroidManifest.xml:96:13-37
122        <activity
122-->src/main/AndroidManifest.xml:97:9-99:40
123            android:name="com.v2ray.ang.ui.RoutingSettingActivity"
123-->src/main/AndroidManifest.xml:98:13-54
124            android:exported="false" />
124-->src/main/AndroidManifest.xml:99:13-37
125        <activity
125-->src/main/AndroidManifest.xml:100:9-102:40
126            android:name="com.v2ray.ang.ui.RoutingEditActivity"
126-->src/main/AndroidManifest.xml:101:13-51
127            android:exported="false" />
127-->src/main/AndroidManifest.xml:102:13-37
128        <activity
128-->src/main/AndroidManifest.xml:103:9-105:40
129            android:name="com.v2ray.ang.ui.SubSettingActivity"
129-->src/main/AndroidManifest.xml:104:13-50
130            android:exported="false" />
130-->src/main/AndroidManifest.xml:105:13-37
131        <activity
131-->src/main/AndroidManifest.xml:106:9-108:40
132            android:name="com.v2ray.ang.ui.UserAssetActivity"
132-->src/main/AndroidManifest.xml:107:13-49
133            android:exported="false" />
133-->src/main/AndroidManifest.xml:108:13-37
134        <activity
134-->src/main/AndroidManifest.xml:109:9-111:40
135            android:name="com.v2ray.ang.ui.UserAssetUrlActivity"
135-->src/main/AndroidManifest.xml:110:13-52
136            android:exported="false" />
136-->src/main/AndroidManifest.xml:111:13-37
137        <activity
137-->src/main/AndroidManifest.xml:113:9-115:40
138            android:name="com.v2ray.ang.ui.SubEditActivity"
138-->src/main/AndroidManifest.xml:114:13-47
139            android:exported="false" />
139-->src/main/AndroidManifest.xml:115:13-37
140        <activity
140-->src/main/AndroidManifest.xml:116:9-118:40
141            android:name="com.v2ray.ang.ui.ScScannerActivity"
141-->src/main/AndroidManifest.xml:117:13-49
142            android:exported="false" />
142-->src/main/AndroidManifest.xml:118:13-37
143        <activity
143-->src/main/AndroidManifest.xml:119:9-124:79
144            android:name="com.v2ray.ang.ui.ScSwitchActivity"
144-->src/main/AndroidManifest.xml:120:13-48
145            android:excludeFromRecents="true"
145-->src/main/AndroidManifest.xml:121:13-46
146            android:exported="false"
146-->src/main/AndroidManifest.xml:122:13-37
147            android:process=":RunSoLibV2RayDaemon"
147-->src/main/AndroidManifest.xml:123:13-51
148            android:theme="@style/AppThemeDayNight.NoActionBar.Translucent" />
148-->src/main/AndroidManifest.xml:124:13-76
149        <activity
149-->src/main/AndroidManifest.xml:126:9-144:20
150            android:name="com.v2ray.ang.ui.UrlSchemeActivity"
150-->src/main/AndroidManifest.xml:127:13-49
151            android:exported="true" >
151-->src/main/AndroidManifest.xml:128:13-36
152            <intent-filter>
152-->src/main/AndroidManifest.xml:129:13-133:29
153                <action android:name="android.intent.action.SEND" />
153-->src/main/AndroidManifest.xml:130:17-69
153-->src/main/AndroidManifest.xml:130:25-66
154
155                <category android:name="android.intent.category.DEFAULT" />
155-->src/main/AndroidManifest.xml:131:17-76
155-->src/main/AndroidManifest.xml:131:27-73
156
157                <data android:mimeType="text/plain" />
157-->src/main/AndroidManifest.xml:132:17-55
157-->src/main/AndroidManifest.xml:132:23-52
158            </intent-filter>
159            <intent-filter>
159-->src/main/AndroidManifest.xml:134:13-143:29
160                <action android:name="android.intent.action.VIEW" />
160-->src/main/AndroidManifest.xml:135:17-69
160-->src/main/AndroidManifest.xml:135:25-66
161
162                <category android:name="android.intent.category.BROWSABLE" />
162-->src/main/AndroidManifest.xml:137:17-78
162-->src/main/AndroidManifest.xml:137:27-75
163                <category android:name="android.intent.category.DEFAULT" />
163-->src/main/AndroidManifest.xml:131:17-76
163-->src/main/AndroidManifest.xml:131:27-73
164
165                <data android:scheme="v2rayng" />
165-->src/main/AndroidManifest.xml:132:17-55
165-->src/main/AndroidManifest.xml:140:23-47
166                <data android:host="install-config" />
166-->src/main/AndroidManifest.xml:132:17-55
166-->src/main/AndroidManifest.xml:141:23-52
167                <data android:host="install-sub" />
167-->src/main/AndroidManifest.xml:132:17-55
167-->src/main/AndroidManifest.xml:141:23-52
168            </intent-filter>
169        </activity>
170        <activity
170-->src/main/AndroidManifest.xml:145:9-147:40
171            android:name="com.v2ray.ang.ui.CheckUpdateActivity"
171-->src/main/AndroidManifest.xml:146:13-51
172            android:exported="false" />
172-->src/main/AndroidManifest.xml:147:13-37
173        <activity
173-->src/main/AndroidManifest.xml:148:9-150:40
174            android:name="com.v2ray.ang.ui.BackupActivity"
174-->src/main/AndroidManifest.xml:149:13-46
175            android:exported="false" />
175-->src/main/AndroidManifest.xml:150:13-37
176        <activity
176-->src/main/AndroidManifest.xml:151:9-153:40
177            android:name="com.v2ray.ang.ui.AboutActivity"
177-->src/main/AndroidManifest.xml:152:13-45
178            android:exported="false" />
178-->src/main/AndroidManifest.xml:153:13-37
179        <activity
179-->src/main/AndroidManifest.xml:154:9-158:67
180            android:name="com.v2ray.ang.plans.PlansActivity"
180-->src/main/AndroidManifest.xml:155:13-48
181            android:label="@string/title_plans"
181-->src/main/AndroidManifest.xml:156:13-48
182            android:parentActivityName="com.v2ray.ang.ui.MainActivity"
182-->src/main/AndroidManifest.xml:157:13-58
183            android:theme="@style/AppThemeDayNight.NoActionBar" />
183-->src/main/AndroidManifest.xml:158:13-64
184        <activity
184-->src/main/AndroidManifest.xml:159:9-163:67
185            android:name="com.v2ray.ang.plans.PaymentActivity"
185-->src/main/AndroidManifest.xml:160:13-50
186            android:label="@string/title_payment"
186-->src/main/AndroidManifest.xml:161:13-50
187            android:parentActivityName="com.v2ray.ang.plans.PlansActivity"
187-->src/main/AndroidManifest.xml:162:13-62
188            android:theme="@style/AppThemeDayNight.NoActionBar" />
188-->src/main/AndroidManifest.xml:163:13-64
189        <activity
189-->src/main/AndroidManifest.xml:164:9-168:67
190            android:name="com.v2ray.ang.payment.ui.activity.UserProfileActivity"
190-->src/main/AndroidManifest.xml:165:13-68
191            android:label="@string/user_profile"
191-->src/main/AndroidManifest.xml:166:13-49
192            android:parentActivityName="com.v2ray.ang.ui.MainActivity"
192-->src/main/AndroidManifest.xml:167:13-58
193            android:theme="@style/AppThemeDayNight.NoActionBar" />
193-->src/main/AndroidManifest.xml:168:13-64
194        <activity
194-->src/main/AndroidManifest.xml:169:9-172:67
195            android:name="com.v2ray.ang.payment.ui.activity.LoginActivity"
195-->src/main/AndroidManifest.xml:170:13-62
196            android:label="@string/login"
196-->src/main/AndroidManifest.xml:171:13-42
197            android:theme="@style/AppThemeDayNight.NoActionBar" />
197-->src/main/AndroidManifest.xml:172:13-64
198
199        <service
199-->src/main/AndroidManifest.xml:174:9-192:19
200            android:name="com.v2ray.ang.service.V2RayVpnService"
200-->src/main/AndroidManifest.xml:175:13-52
201            android:enabled="true"
201-->src/main/AndroidManifest.xml:176:13-35
202            android:exported="false"
202-->src/main/AndroidManifest.xml:177:13-37
203            android:foregroundServiceType="specialUse"
203-->src/main/AndroidManifest.xml:178:13-55
204            android:label="@string/app_name"
204-->src/main/AndroidManifest.xml:179:13-45
205            android:permission="android.permission.BIND_VPN_SERVICE"
205-->src/main/AndroidManifest.xml:180:13-69
206            android:process=":RunSoLibV2RayDaemon" >
206-->src/main/AndroidManifest.xml:181:13-51
207            <intent-filter>
207-->src/main/AndroidManifest.xml:183:13-185:29
208                <action android:name="android.net.VpnService" />
208-->src/main/AndroidManifest.xml:184:17-65
208-->src/main/AndroidManifest.xml:184:25-62
209            </intent-filter>
210
211            <meta-data
211-->src/main/AndroidManifest.xml:186:13-188:40
212                android:name="android.net.VpnService.SUPPORTS_ALWAYS_ON"
212-->src/main/AndroidManifest.xml:187:17-73
213                android:value="true" />
213-->src/main/AndroidManifest.xml:188:17-37
214
215            <property
215-->src/main/AndroidManifest.xml:189:13-191:39
216                android:name="android.app.PROPERTY_SPECIAL_USE_FGS_SUBTYPE"
216-->src/main/AndroidManifest.xml:190:17-76
217                android:value="vpn" />
217-->src/main/AndroidManifest.xml:191:17-36
218        </service>
219        <service
219-->src/main/AndroidManifest.xml:194:9-203:19
220            android:name="com.v2ray.ang.service.V2RayProxyOnlyService"
220-->src/main/AndroidManifest.xml:195:13-58
221            android:exported="false"
221-->src/main/AndroidManifest.xml:196:13-37
222            android:foregroundServiceType="specialUse"
222-->src/main/AndroidManifest.xml:197:13-55
223            android:label="@string/app_name"
223-->src/main/AndroidManifest.xml:198:13-45
224            android:process=":RunSoLibV2RayDaemon" >
224-->src/main/AndroidManifest.xml:199:13-51
225            <property
225-->src/main/AndroidManifest.xml:189:13-191:39
226                android:name="android.app.PROPERTY_SPECIAL_USE_FGS_SUBTYPE"
226-->src/main/AndroidManifest.xml:190:17-76
227                android:value="proxy" />
227-->src/main/AndroidManifest.xml:191:17-36
228        </service>
229        <service
229-->src/main/AndroidManifest.xml:205:9-208:54
230            android:name="com.v2ray.ang.service.V2RayTestService"
230-->src/main/AndroidManifest.xml:206:13-53
231            android:exported="false"
231-->src/main/AndroidManifest.xml:207:13-37
232            android:process=":RunSoLibV2RayDaemon" />
232-->src/main/AndroidManifest.xml:208:13-51
233
234        <receiver
234-->src/main/AndroidManifest.xml:210:9-222:20
235            android:name="com.v2ray.ang.receiver.WidgetProvider"
235-->src/main/AndroidManifest.xml:211:13-52
236            android:exported="true"
236-->src/main/AndroidManifest.xml:212:13-36
237            android:process=":RunSoLibV2RayDaemon" >
237-->src/main/AndroidManifest.xml:213:13-51
238            <meta-data
238-->src/main/AndroidManifest.xml:214:13-216:63
239                android:name="android.appwidget.provider"
239-->src/main/AndroidManifest.xml:215:17-58
240                android:resource="@xml/app_widget_provider" />
240-->src/main/AndroidManifest.xml:216:17-60
241
242            <intent-filter>
242-->src/main/AndroidManifest.xml:217:13-221:29
243                <action android:name="android.appwidget.action.APPWIDGET_UPDATE" />
243-->src/main/AndroidManifest.xml:218:17-84
243-->src/main/AndroidManifest.xml:218:25-81
244                <action android:name="com.v2ray.ang.fdroid.action.widget.click" />
244-->INJECTED
244-->INJECTED
245                <action android:name="com.v2ray.ang.fdroid.action.activity" />
245-->INJECTED
245-->INJECTED
246            </intent-filter>
247        </receiver>
248        <receiver
248-->src/main/AndroidManifest.xml:223:9-230:20
249            android:name="com.v2ray.ang.receiver.BootReceiver"
249-->src/main/AndroidManifest.xml:224:13-50
250            android:exported="true"
250-->src/main/AndroidManifest.xml:225:13-36
251            android:label="BootReceiver" >
251-->src/main/AndroidManifest.xml:226:13-41
252            <intent-filter>
252-->src/main/AndroidManifest.xml:227:13-229:29
253                <action android:name="android.intent.action.BOOT_COMPLETED" />
253-->src/main/AndroidManifest.xml:228:17-79
253-->src/main/AndroidManifest.xml:228:25-76
254            </intent-filter>
255        </receiver>
256
257        <service
257-->src/main/AndroidManifest.xml:232:9-246:19
258            android:name="com.v2ray.ang.service.QSTileService"
258-->src/main/AndroidManifest.xml:233:13-50
259            android:exported="true"
259-->src/main/AndroidManifest.xml:234:13-36
260            android:foregroundServiceType="specialUse"
260-->src/main/AndroidManifest.xml:235:13-55
261            android:icon="@drawable/ic_stat_name"
261-->src/main/AndroidManifest.xml:236:13-50
262            android:label="@string/app_tile_name"
262-->src/main/AndroidManifest.xml:237:13-50
263            android:permission="android.permission.BIND_QUICK_SETTINGS_TILE"
263-->src/main/AndroidManifest.xml:238:13-77
264            android:process=":RunSoLibV2RayDaemon" >
264-->src/main/AndroidManifest.xml:239:13-51
265            <intent-filter>
265-->src/main/AndroidManifest.xml:240:13-242:29
266                <action android:name="android.service.quicksettings.action.QS_TILE" />
266-->src/main/AndroidManifest.xml:241:17-87
266-->src/main/AndroidManifest.xml:241:25-84
267            </intent-filter>
268
269            <property
269-->src/main/AndroidManifest.xml:189:13-191:39
270                android:name="android.app.PROPERTY_SPECIAL_USE_FGS_SUBTYPE"
270-->src/main/AndroidManifest.xml:190:17-76
271                android:value="tile" />
271-->src/main/AndroidManifest.xml:191:17-36
272        </service>
273        <!-- =====================Tasker===================== -->
274        <activity
274-->src/main/AndroidManifest.xml:248:9-255:20
275            android:name="com.v2ray.ang.ui.TaskerActivity"
275-->src/main/AndroidManifest.xml:249:13-46
276            android:exported="true"
276-->src/main/AndroidManifest.xml:250:13-36
277            android:icon="@mipmap/ic_launcher" >
277-->src/main/AndroidManifest.xml:251:13-47
278            <intent-filter>
278-->src/main/AndroidManifest.xml:252:13-254:29
279                <action android:name="com.twofortyfouram.locale.intent.action.EDIT_SETTING" />
279-->src/main/AndroidManifest.xml:253:17-95
279-->src/main/AndroidManifest.xml:253:25-92
280            </intent-filter>
281        </activity>
282
283        <receiver
283-->src/main/AndroidManifest.xml:257:9-265:20
284            android:name="com.v2ray.ang.receiver.TaskerReceiver"
284-->src/main/AndroidManifest.xml:258:13-52
285            android:exported="true"
285-->src/main/AndroidManifest.xml:259:13-36
286            android:process=":RunSoLibV2RayDaemon" >
286-->src/main/AndroidManifest.xml:260:13-51
287            <intent-filter>
287-->src/main/AndroidManifest.xml:262:13-264:29
288                <action android:name="com.twofortyfouram.locale.intent.action.FIRE_SETTING" />
288-->src/main/AndroidManifest.xml:263:17-95
288-->src/main/AndroidManifest.xml:263:25-92
289            </intent-filter>
290        </receiver>
291        <!-- =====================Tasker===================== -->
292        <provider
292-->INJECTED
293            android:name="androidx.startup.InitializationProvider"
293-->src/main/AndroidManifest.xml:268:13-67
294            android:authorities="com.v2ray.ang.fdroid.androidx-startup"
294-->INJECTED
295            android:exported="false" >
295-->src/main/AndroidManifest.xml:270:13-37
296            <meta-data
296-->[androidx.emoji2:emoji2:1.3.0] AndroidManifest.xml:29:13-31:52
297                android:name="androidx.emoji2.text.EmojiCompatInitializer"
297-->[androidx.emoji2:emoji2:1.3.0] AndroidManifest.xml:30:17-75
298                android:value="androidx.startup" />
298-->[androidx.emoji2:emoji2:1.3.0] AndroidManifest.xml:31:17-49
299            <meta-data
299-->[androidx.lifecycle:lifecycle-process:2.10.0] AndroidManifest.xml:29:13-31:52
300                android:name="androidx.lifecycle.ProcessLifecycleInitializer"
300-->[androidx.lifecycle:lifecycle-process:2.10.0] AndroidManifest.xml:30:17-78
301                android:value="androidx.startup" />
301-->[androidx.lifecycle:lifecycle-process:2.10.0] AndroidManifest.xml:31:17-49
302            <meta-data
302-->[androidx.profileinstaller:profileinstaller:1.4.1] AndroidManifest.xml:29:13-31:52
303                android:name="androidx.profileinstaller.ProfileInstallerInitializer"
303-->[androidx.profileinstaller:profileinstaller:1.4.1] AndroidManifest.xml:30:17-85
304                android:value="androidx.startup" />
304-->[androidx.profileinstaller:profileinstaller:1.4.1] AndroidManifest.xml:31:17-49
305            <meta-data
305-->[com.squareup.okhttp3:okhttp-android:5.3.2] AndroidManifest.xml:16:13-18:52
306                android:name="okhttp3.internal.platform.PlatformInitializer"
306-->[com.squareup.okhttp3:okhttp-android:5.3.2] AndroidManifest.xml:17:17-77
307                android:value="androidx.startup" />
307-->[com.squareup.okhttp3:okhttp-android:5.3.2] AndroidManifest.xml:18:17-49
308        </provider>
309        <provider
309-->INJECTED
310            android:name="androidx.core.content.FileProvider"
310-->src/main/AndroidManifest.xml:281:13-62
311            android:authorities="com.v2ray.ang.fdroid.cache"
311-->INJECTED
312            android:exported="false"
312-->src/main/AndroidManifest.xml:283:13-37
313            android:grantUriPermissions="true" >
313-->src/main/AndroidManifest.xml:284:13-47
314            <meta-data
314-->src/main/AndroidManifest.xml:285:13-287:55
315                android:name="android.support.FILE_PROVIDER_PATHS"
315-->src/main/AndroidManifest.xml:286:17-67
316                android:resource="@xml/cache_paths" />
316-->src/main/AndroidManifest.xml:287:17-52
317        </provider>
318
319        <activity
319-->[com.github.T8RIN.QuickieExtended:quickie-foss:1.14.0] AndroidManifest.xml:15:9-19:45
320            android:name="io.github.g00fy2.quickie.QRScannerActivity"
320-->[com.github.T8RIN.QuickieExtended:quickie-foss:1.14.0] AndroidManifest.xml:16:13-70
321            android:screenOrientation="behind"
321-->[com.github.T8RIN.QuickieExtended:quickie-foss:1.14.0] AndroidManifest.xml:17:13-47
322            android:theme="@style/QuickieScannerActivity" />
322-->[com.github.T8RIN.QuickieExtended:quickie-foss:1.14.0] AndroidManifest.xml:18:13-58
323        <!--
324        Service for holding metadata. Cannot be instantiated.
325        Metadata will be merged from other manifests.
326        -->
327        <service
327-->[androidx.camera:camera-core:1.4.1] AndroidManifest.xml:29:9-33:78
328            android:name="androidx.camera.core.impl.MetadataHolderService"
328-->[androidx.camera:camera-core:1.4.1] AndroidManifest.xml:30:13-75
329            android:enabled="false"
329-->[androidx.camera:camera-core:1.4.1] AndroidManifest.xml:31:13-36
330            android:exported="false" >
330-->[androidx.camera:camera-core:1.4.1] AndroidManifest.xml:32:13-37
331            <meta-data
331-->[androidx.camera:camera-camera2:1.4.1] AndroidManifest.xml:30:13-32:89
332                android:name="androidx.camera.core.impl.MetadataHolderService.DEFAULT_CONFIG_PROVIDER"
332-->[androidx.camera:camera-camera2:1.4.1] AndroidManifest.xml:31:17-103
333                android:value="androidx.camera.camera2.Camera2Config$DefaultProvider" />
333-->[androidx.camera:camera-camera2:1.4.1] AndroidManifest.xml:32:17-86